This file contains any messages produced by compilers while
running configure, to aid debugging if configure makes a mistake.

It was created by pocketsphinx configure 5prealpha, which was
generated by GNU Autoconf 2.69.  Invocation command line was

  $ ./configure 

## --------- ##
## Platform. ##
## --------- ##

hostname = raspberrypi
uname -m = armv7l
uname -r = 4.1.6-v7+
uname -s = Linux
uname -v = #810 SMP PREEMPT Tue Aug 18 15:32:12 BST 2015

/usr/bin/uname -p = unknown
/bin/uname -X     = unknown

/bin/arch              = unknown
/usr/bin/arch -k       = unknown
/usr/convex/getsysinfo = unknown
/usr/bin/hostinfo      = unknown
/bin/machine           = unknown
/usr/bin/oslevel       = unknown
/bin/universe          = unknown

PATH: /usr/local/sbin
PATH: /usr/local/bin
PATH: /usr/sbin
PATH: /usr/bin
PATH: /sbin
PATH: /bin
PATH: /usr/local/games
PATH: /usr/games


## ----------- ##
## Core tests. ##
## ----------- ##

configure:2534: checking for a BSD-compatible install
configure:2602: result: /usr/bin/install -c
configure:2613: checking whether build environment is sane
configure:2663: result: yes
configure:2804: checking for a thread-safe mkdir -p
configure:2843: result: /bin/mkdir -p
configure:2856: checking for gawk
configure:2886: result: no
configure:2856: checking for mawk
configure:2872: found /usr/bin/mawk
configure:2883: result: mawk
configure:2894: checking whether make sets $(MAKE)
configure:2916: result: yes
configure:2995: checking build system type
configure:3009: result: armv7l-unknown-linux-gnueabihf
configure:3029: checking host system type
configure:3042: result: armv7l-unknown-linux-gnueabihf
configure:3110: checking for gcc
configure:3126: found /usr/bin/gcc
configure:3137: result: gcc
configure:3366: checking for C compiler version
configure:3375: gcc --version >&5
gcc (Debian 4.6.3-14+rpi1) 4.6.3
Copyright (C) 2011 Free Software Foundation, Inc.
This is free software; see the source for copying conditions.  There is NO
warranty; not even for MERCHANTABILITY or FITNESS FOR A PARTICULAR PURPOSE.

configure:3386: $? = 0
configure:3375: gcc -v >&5
Using built-in specs.
COLLECT_GCC=gcc
COLLECT_LTO_WRAPPER=/usr/lib/gcc/arm-linux-gnueabihf/4.6/lto-wrapper
Target: arm-linux-gnueabihf
Configured with: ../src/configure -v --with-pkgversion='Debian 4.6.3-14+rpi1' --with-bugurl=file:///usr/share/doc/gcc-4.6/README.Bugs --enable-languages=c,c++,fortran,objc,obj-c++ --prefix=/usr --program-suffix=-4.6 --enable-shared --enable-linker-build-id --with-system-zlib --libexecdir=/usr/lib --without-included-gettext --enable-threads=posix --with-gxx-include-dir=/usr/include/c++/4.6 --libdir=/usr/lib --enable-nls --with-sysroot=/ --enable-clocale=gnu --enable-libstdcxx-debug --enable-libstdcxx-time=yes --enable-gnu-unique-object --enable-plugin --enable-objc-gc --disable-sjlj-exceptions --with-arch=armv6 --with-fpu=vfp --with-float=hard --enable-checking=release --build=arm-linux-gnueabihf --host=arm-linux-gnueabihf --target=arm-linux-gnueabihf
Thread model: posix
gcc version 4.6.3 (Debian 4.6.3-14+rpi1) 
configure:3386: $? = 0
configure:3375: gcc -V >&5
gcc: error: unrecognized option '-V'
gcc: fatal error: no input files
compilation terminated.
configure:3386: $? = 4
configure:3375: gcc -qversion >&5
gcc: error: unrecognized option '-qversion'
gcc: fatal error: no input files
compilation terminated.
configure:3386: $? = 4
configure:3406: checking whether the C compiler works
configure:3428: gcc -g -O2 -Wall   conftest.c  >&5
configure:3432: $? = 0
configure:3480: result: yes
configure:3483: checking for C compiler default output file name
configure:3485: result: a.out
configure:3491: checking for suffix of executables
configure:3498: gcc -o conftest -g -O2 -Wall   conftest.c  >&5
configure:3502: $? = 0
configure:3524: result: 
configure:3546: checking whether we are cross compiling
configure:3554: gcc -o conftest -g -O2 -Wall   conftest.c  >&5
configure:3558: $? = 0
configure:3565: ./conftest
configure:3569: $? = 0
configure:3584: result: no
configure:3589: checking for suffix of object files
configure:3611: gcc -c -g -O2 -Wall  conftest.c >&5
configure:3615: $? = 0
configure:3636: result: o
configure:3640: checking whether we are using the GNU C compiler
configure:3659: gcc -c -g -O2 -Wall  conftest.c >&5
configure:3659: $? = 0
configure:3668: result: yes
configure:3677: checking whether gcc accepts -g
configure:3697: gcc -c -g  conftest.c >&5
configure:3697: $? = 0
configure:3738: result: yes
configure:3755: checking for gcc option to accept ISO C89
configure:3818: gcc  -c -g -O2 -Wall  conftest.c >&5
configure:3818: $? = 0
configure:3831: result: none needed
configure:3862: checking for style of include used by make
configure:3890: result: GNU
configure:3916: checking dependency style of gcc
configure:4027: result: gcc3
configure:4048: checking how to run the C preprocessor
configure:4079: gcc -E  conftest.c
configure:4079: $? = 0
configure:4093: gcc -E  conftest.c
conftest.c:9:28: fatal error: ac_nonexistent.h: No such file or directory
compilation terminated.
configure:4093: $? = 1
configure: failed program was:
| /* confdefs.h */
| #define PACKAGE_NAME "pocketsphinx"
| #define PACKAGE_TARNAME "pocketsphinx"
| #define PACKAGE_VERSION "5prealpha"
| #define PACKAGE_STRING "pocketsphinx 5prealpha"
| #define PACKAGE_BUGREPORT ""
| #define PACKAGE_URL ""
| /* end confdefs.h.  */
| #include <ac_nonexistent.h>
configure:4118: result: gcc -E
configure:4138: gcc -E  conftest.c
configure:4138: $? = 0
configure:4152: gcc -E  conftest.c
conftest.c:9:28: fatal error: ac_nonexistent.h: No such file or directory
compilation terminated.
configure:4152: $? = 1
configure: failed program was:
| /* confdefs.h */
| #define PACKAGE_NAME "pocketsphinx"
| #define PACKAGE_TARNAME "pocketsphinx"
| #define PACKAGE_VERSION "5prealpha"
| #define PACKAGE_STRING "pocketsphinx 5prealpha"
| #define PACKAGE_BUGREPORT ""
| #define PACKAGE_URL ""
| /* end confdefs.h.  */
| #include <ac_nonexistent.h>
configure:4181: checking for grep that handles long lines and -e
configure:4239: result: /bin/grep
configure:4244: checking for egrep
configure:4306: result: /bin/grep -E
configure:4311: checking for ANSI C header files
configure:4331: gcc -c -g -O2 -Wall  conftest.c >&5
configure:4331: $? = 0
configure:4404: gcc -o conftest -g -O2 -Wall   conftest.c  >&5
configure:4404: $? = 0
configure:4404: ./conftest
configure:4404: $? = 0
configure:4415: result: yes
configure:4428: checking for sys/types.h
configure:4428: gcc -c -g -O2 -Wall  conftest.c >&5
configure:4428: $? = 0
configure:4428: result: yes
configure:4428: checking for sys/stat.h
configure:4428: gcc -c -g -O2 -Wall  conftest.c >&5
configure:4428: $? = 0
configure:4428: result: yes
configure:4428: checking for stdlib.h
configure:4428: gcc -c -g -O2 -Wall  conftest.c >&5
configure:4428: $? = 0
configure:4428: result: yes
configure:4428: checking for string.h
configure:4428: gcc -c -g -O2 -Wall  conftest.c >&5
configure:4428: $? = 0
configure:4428: result: yes
configure:4428: checking for memory.h
configure:4428: gcc -c -g -O2 -Wall  conftest.c >&5
configure:4428: $? = 0
configure:4428: result: yes
configure:4428: checking for strings.h
configure:4428: gcc -c -g -O2 -Wall  conftest.c >&5
configure:4428: $? = 0
configure:4428: result: yes
configure:4428: checking for inttypes.h
configure:4428: gcc -c -g -O2 -Wall  conftest.c >&5
configure:4428: $? = 0
configure:4428: result: yes
configure:4428: checking for stdint.h
configure:4428: gcc -c -g -O2 -Wall  conftest.c >&5
configure:4428: $? = 0
configure:4428: result: yes
configure:4428: checking for unistd.h
configure:4428: gcc -c -g -O2 -Wall  conftest.c >&5
configure:4428: $? = 0
configure:4428: result: yes
configure:4440: checking whether byte ordering is bigendian
configure:4455: gcc -c -g -O2 -Wall  conftest.c >&5
conftest.c:20:9: error: unknown type name 'not'
conftest.c:20:15: error: expected '=', ',', ';', 'asm' or '__attribute__' before 'universal'
conftest.c:20:15: error: unknown type name 'universal'
configure:4455: $? = 1
configure: failed program was:
| /* confdefs.h */
| #define PACKAGE_NAME "pocketsphinx"
| #define PACKAGE_TARNAME "pocketsphinx"
| #define PACKAGE_VERSION "5prealpha"
| #define PACKAGE_STRING "pocketsphinx 5prealpha"
| #define PACKAGE_BUGREPORT ""
| #define PACKAGE_URL ""
| #define STDC_HEADERS 1
| #define HAVE_SYS_TYPES_H 1
| #define HAVE_SYS_STAT_H 1
| #define HAVE_STDLIB_H 1
| #define HAVE_STRING_H 1
| #define HAVE_MEMORY_H 1
| #define HAVE_STRINGS_H 1
| #define HAVE_INTTYPES_H 1
| #define HAVE_STDINT_H 1
| #define HAVE_UNISTD_H 1
| /* end confdefs.h.  */
| #ifndef __APPLE_CC__
| 	       not a universal capable compiler
| 	     #endif
| 	     typedef int dummy;
| 
configure:4500: gcc -c -g -O2 -Wall  conftest.c >&5
configure:4500: $? = 0
configure:4518: gcc -c -g -O2 -Wall  conftest.c >&5
conftest.c: In function 'main':
conftest.c:26:4: error: unknown type name 'not'
conftest.c:26:12: error: expected '=', ',', ';', 'asm' or '__attribute__' before 'endian'
configure:4518: $? = 1
configure: failed program was:
| /* confdefs.h */
| #define PACKAGE_NAME "pocketsphinx"
| #define PACKAGE_TARNAME "pocketsphinx"
| #define PACKAGE_VERSION "5prealpha"
| #define PACKAGE_STRING "pocketsphinx 5prealpha"
| #define PACKAGE_BUGREPORT ""
| #define PACKAGE_URL ""
| #define STDC_HEADERS 1
| #define HAVE_SYS_TYPES_H 1
| #define HAVE_SYS_STAT_H 1
| #define HAVE_STDLIB_H 1
| #define HAVE_STRING_H 1
| #define HAVE_MEMORY_H 1
| #define HAVE_STRINGS_H 1
| #define HAVE_INTTYPES_H 1
| #define HAVE_STDINT_H 1
| #define HAVE_UNISTD_H 1
| /* end confdefs.h.  */
| #include <sys/types.h>
| 		#include <sys/param.h>
| 
| int
| main ()
| {
| #if BYTE_ORDER != BIG_ENDIAN
| 		 not big endian
| 		#endif
| 
|   ;
|   return 0;
| }
configure:4646: result: no
configure:4664: checking for long long
configure:4664: gcc -c -g -O2 -Wall  conftest.c >&5
configure:4664: $? = 0
configure:4664: gcc -c -g -O2 -Wall  conftest.c >&5
conftest.c: In function 'main':
conftest.c:55:24: error: expected expression before ')' token
configure:4664: $? = 1
configure: failed program was:
| /* confdefs.h */
| #define PACKAGE_NAME "pocketsphinx"
| #define PACKAGE_TARNAME "pocketsphinx"
| #define PACKAGE_VERSION "5prealpha"
| #define PACKAGE_STRING "pocketsphinx 5prealpha"
| #define PACKAGE_BUGREPORT ""
| #define PACKAGE_URL ""
| #define STDC_HEADERS 1
| #define HAVE_SYS_TYPES_H 1
| #define HAVE_SYS_STAT_H 1
| #define HAVE_STDLIB_H 1
| #define HAVE_STRING_H 1
| #define HAVE_MEMORY_H 1
| #define HAVE_STRINGS_H 1
| #define HAVE_INTTYPES_H 1
| #define HAVE_STDINT_H 1
| #define HAVE_UNISTD_H 1
| /* end confdefs.h.  */
| #include <stdio.h>
| #ifdef HAVE_SYS_TYPES_H
| # include <sys/types.h>
| #endif
| #ifdef HAVE_SYS_STAT_H
| # include <sys/stat.h>
| #endif
| #ifdef STDC_HEADERS
| # include <stdlib.h>
| # include <stddef.h>
| #else
| # ifdef HAVE_STDLIB_H
| #  include <stdlib.h>
| # endif
| #endif
| #ifdef HAVE_STRING_H
| # if !defined STDC_HEADERS && defined HAVE_MEMORY_H
| #  include <memory.h>
| # endif
| # include <string.h>
| #endif
| #ifdef HAVE_STRINGS_H
| # include <strings.h>
| #endif
| #ifdef HAVE_INTTYPES_H
| # include <inttypes.h>
| #endif
| #ifdef HAVE_STDINT_H
| # include <stdint.h>
| #endif
| #ifdef HAVE_UNISTD_H
| # include <unistd.h>
| #endif
| int
| main ()
| {
| if (sizeof ((long long)))
| 	    return 0;
|   ;
|   return 0;
| }
configure:4664: result: yes
configure:4678: checking size of long long
configure:4683: gcc -o conftest -g -O2 -Wall   conftest.c  >&5
configure:4683: $? = 0
configure:4683: ./conftest
configure:4683: $? = 0
configure:4697: result: 8
configure:4754: checking how to print strings
configure:4781: result: printf
configure:4802: checking for a sed that does not truncate output
configure:4866: result: /bin/sed
configure:4884: checking for fgrep
configure:4946: result: /bin/grep -F
configure:4981: checking for ld used by gcc
configure:5048: result: /usr/bin/ld
configure:5055: checking if the linker (/usr/bin/ld) is GNU ld
configure:5070: result: yes
configure:5082: checking for BSD- or MS-compatible name lister (nm)
configure:5131: result: /usr/bin/nm -B
configure:5261: checking the name lister (/usr/bin/nm -B) interface
configure:5268: gcc -c -g -O2 -Wall  conftest.c >&5
configure:5271: /usr/bin/nm -B "conftest.o"
configure:5274: output
00000000 B some_variable
configure:5281: result: BSD nm
configure:5284: checking whether ln -s works
configure:5288: result: yes
configure:5296: checking the maximum length of command line arguments
configure:5426: result: 1572864
configure:5443: checking whether the shell understands some XSI constructs
configure:5453: result: yes
configure:5457: checking whether the shell understands "+="
configure:5463: result: yes
configure:5498: checking how to convert armv7l-unknown-linux-gnueabihf file names to armv7l-unknown-linux-gnueabihf format
configure:5538: result: func_convert_file_noop
configure:5545: checking how to convert armv7l-unknown-linux-gnueabihf file names to toolchain format
configure:5565: result: func_convert_file_noop
configure:5572: checking for /usr/bin/ld option to reload object files
configure:5579: result: -r
configure:5653: checking for objdump
configure:5669: found /usr/bin/objdump
configure:5680: result: objdump
configure:5712: checking how to recognize dependent libraries
configure:5910: result: pass_all
configure:5995: checking for dlltool
configure:6025: result: no
configure:6055: checking how to associate runtime and link libraries
configure:6082: result: printf %s\n
configure:6142: checking for ar
configure:6158: found /usr/bin/ar
configure:6169: result: ar
configure:6206: checking for archiver @FILE support
configure:6223: gcc -c -g -O2 -Wall  conftest.c >&5
configure:6223: $? = 0
configure:6226: ar cru libconftest.a @conftest.lst >&5
configure:6229: $? = 0
configure:6234: ar cru libconftest.a @conftest.lst >&5
ar: conftest.o: No such file or directory
configure:6237: $? = 1
configure:6249: result: @
configure:6307: checking for strip
configure:6323: found /usr/bin/strip
configure:6334: result: strip
configure:6406: checking for ranlib
configure:6422: found /usr/bin/ranlib
configure:6433: result: ranlib
configure:6535: checking command to parse /usr/bin/nm -B output from gcc object
configure:6655: gcc -c -g -O2 -Wall  conftest.c >&5
configure:6658: $? = 0
configure:6662: /usr/bin/nm -B conftest.o \| sed -n -e 's/^.*[ ]\([ABCDGIRSTW][ABCDGIRSTW]*\)[ ][ ]*\([_A-Za-z][_A-Za-z0-9]*\)$/\1 \2 \2/p' | sed '/ __gnu_lto/d' \> conftest.nm
configure:6665: $? = 0
configure:6731: gcc -o conftest -g -O2 -Wall   conftest.c conftstm.o >&5
configure:6734: $? = 0
configure:6772: result: ok
configure:6809: checking for sysroot
configure:6839: result: no
configure:7095: checking for mt
configure:7111: found /bin/mt
configure:7122: result: mt
configure:7145: checking if mt is a manifest tool
configure:7151: mt '-?'
configure:7159: result: no
configure:7798: checking for dlfcn.h
configure:7798: gcc -c -g -O2 -Wall  conftest.c >&5
configure:7798: $? = 0
configure:7798: result: yes
configure:8004: checking for objdir
configure:8019: result: .libs
configure:8290: checking if gcc supports -fno-rtti -fno-exceptions
configure:8308: gcc -c -g -O2 -Wall  -fno-rtti -fno-exceptions conftest.c >&5
cc1: warning: command line option '-fno-rtti' is valid for C++/ObjC++ but not for C [enabled by default]
configure:8312: $? = 0
configure:8325: result: no
configure:8652: checking for gcc option to produce PIC
configure:8659: result: -fPIC -DPIC
configure:8667: checking if gcc PIC flag -fPIC -DPIC works
configure:8685: gcc -c -g -O2 -Wall  -fPIC -DPIC -DPIC conftest.c >&5
configure:8689: $? = 0
configure:8702: result: yes
configure:8731: checking if gcc static flag -static works
configure:8759: result: yes
configure:8774: checking if gcc supports -c -o file.o
configure:8795: gcc -c -g -O2 -Wall  -o out/conftest2.o conftest.c >&5
configure:8799: $? = 0
configure:8821: result: yes
configure:8829: checking if gcc supports -c -o file.o
configure:8876: result: yes
configure:8909: checking whether the gcc linker (/usr/bin/ld) supports shared libraries
configure:10066: result: yes
configure:10103: checking whether -lc should be explicitly linked in
configure:10111: gcc -c -g -O2 -Wall  conftest.c >&5
configure:10114: $? = 0
configure:10129: gcc -shared  -fPIC -DPIC conftest.o  -v -Wl,-soname -Wl,conftest -o conftest 2\>\&1 \| /bin/grep  -lc  \>/dev/null 2\>\&1
configure:10132: $? = 0
configure:10146: result: no
configure:10306: checking dynamic linker characteristics
configure:10806: gcc -o conftest -g -O2 -Wall   -Wl,-rpath -Wl,/foo conftest.c  >&5
configure:10806: $? = 0
configure:11040: result: GNU/Linux ld.so
configure:11147: checking how to hardcode library paths into programs
configure:11172: result: immediate
configure:11712: checking whether stripping libraries is possible
configure:11717: result: yes
configure:11752: checking if libtool supports shared libraries
configure:11754: result: yes
configure:11757: checking whether to build shared libraries
configure:11778: result: yes
configure:11781: checking whether to build static libraries
configure:11785: result: yes
configure:11825: checking for pkg-config
configure:11841: found /usr/bin/pkg-config
configure:11853: result: yes
configure:11864: checking for doxygen
configure:11892: result: no
configure:11950: checking for a Python interpreter with version >= 2.6
configure:11967: python -c import sys # split strings by '.' and convert to numeric. Append some zeros # because we need at least 4 digits for the hex conversion. # map returns an iterator in Python 3.0 and a list in 2.x minver = list(map(int, '2.6'.split('.'))) + [0, 0, 0] minverhex = 0 # xrange is not present in Python 3.0 and range returns an iterator for i in list(range(0, 4)): minverhex = (minverhex << 8) + minver[i] sys.exit(sys.hexversion < minverhex)
configure:11970: $? = 0
configure:11976: result: python
configure:11984: checking for python
configure:12002: found /usr/bin/python
configure:12014: result: /usr/bin/python
configure:12032: checking for python version
configure:12039: result: 2.7
configure:12051: checking for python platform
configure:12058: result: linux2
configure:12065: checking for python script directory
configure:12093: result: ${prefix}/lib/python2.7/dist-packages
configure:12102: checking for python extension module directory
configure:12130: result: ${exec_prefix}/lib/python2.7/dist-packages
configure:12151: checking for python2.7
configure:12181: result: /usr/bin/python
configure:12197: checking for a version of Python >= '2.1.0'
configure:12223: result: yes
configure:12254: checking for the distutils Python package
configure:12258: result: yes
configure:12272: checking for Python include path
configure:12288: result: -I/usr/include/python2.7
configure:12295: checking for Python library path
configure:12372: result: -L/usr/lib -lpython2.7
configure:12379: checking for Python site-packages path
configure:12385: result: /usr/lib/python2.7/dist-packages
configure:12392: checking python extra libraries
configure:12399: result: -lpthread -ldl  -lutil -lm
configure:12406: checking python extra linking flags
configure:12413: result: -Xlinker -export-dynamic -Wl,-O1 -Wl,-Bsymbolic-functions
configure:12420: checking consistency of all components of python development environment
configure:12446: gcc -o conftest -g -O2 -Wall  -I/usr/include/python2.7  conftest.c  -L/usr/lib -lpython2.7 -Xlinker -export-dynamic -Wl,-O1 -Wl,-Bsymbolic-functions -lpthread -ldl  -lutil -lm >&5
configure:12446: $? = 0
configure:12463: result: yes
configure:12494: checking for swig
configure:12512: found /usr/bin/swig
configure:12524: result: /usr/bin/swig
configure:12538: checking SWIG version
configure:12541: result: 2.0.7
configure:12590: checking for SWIG library
configure:12593: result: /usr/share/swig2.0
configure:12669: checking for pkg-config
configure:12687: found /usr/bin/pkg-config
configure:12699: result: /usr/bin/pkg-config
configure:12724: checking pkg-config is at least version 0.9.0
configure:12727: result: yes
configure:12738: checking for GStreamer
configure:12748: $PKG_CONFIG --exists --print-errors "gstreamer-$GST_MAJORMINOR >= 1.0
		       gstreamer-base-$GST_MAJORMINOR >= 1.0
		       gstreamer-plugins-base-$GST_MAJORMINOR >= 1.0"
Package gstreamer-1.0 was not found in the pkg-config search path.
Perhaps you should add the directory containing `gstreamer-1.0.pc'
to the PKG_CONFIG_PATH environment variable
No package 'gstreamer-1.0' found
Package gstreamer-base-1.0 was not found in the pkg-config search path.
Perhaps you should add the directory containing `gstreamer-base-1.0.pc'
to the PKG_CONFIG_PATH environment variable
No package 'gstreamer-base-1.0' found
Package gstreamer-plugins-base-1.0 was not found in the pkg-config search path.
Perhaps you should add the directory containing `gstreamer-plugins-base-1.0.pc'
to the PKG_CONFIG_PATH environment variable
No package 'gstreamer-plugins-base-1.0' found
configure:12753: $? = 1
configure:12772: $PKG_CONFIG --exists --print-errors "gstreamer-$GST_MAJORMINOR >= 1.0
		       gstreamer-base-$GST_MAJORMINOR >= 1.0
		       gstreamer-plugins-base-$GST_MAJORMINOR >= 1.0"
Package gstreamer-1.0 was not found in the pkg-config search path.
Perhaps you should add the directory containing `gstreamer-1.0.pc'
to the PKG_CONFIG_PATH environment variable
No package 'gstreamer-1.0' found
Package gstreamer-base-1.0 was not found in the pkg-config search path.
Perhaps you should add the directory containing `gstreamer-base-1.0.pc'
to the PKG_CONFIG_PATH environment variable
No package 'gstreamer-base-1.0' found
Package gstreamer-plugins-base-1.0 was not found in the pkg-config search path.
Perhaps you should add the directory containing `gstreamer-plugins-base-1.0.pc'
to the PKG_CONFIG_PATH environment variable
No package 'gstreamer-plugins-base-1.0' found
configure:12777: $? = 1
No package 'gstreamer-1.0' found
No package 'gstreamer-base-1.0' found
No package 'gstreamer-plugins-base-1.0' found
configure:12811: result: no
configure:12871: checking for sphinxbase in /home/pi/Repos/Personal-Assistant/sphinx/pocketsphinx-5prealpha/../sphinxbase
configure:12879: result: no
configure:12871: checking for sphinxbase in /home/pi/Repos/Personal-Assistant/sphinx/pocketsphinx-5prealpha/../sphinxbase-5prealpha
configure:12875: result: yes
configure:13185: creating ./config.status

## ---------------------- ##
## Running config.status. ##
## ---------------------- ##

This file was extended by pocketsphinx config.status 5prealpha, which was
generated by GNU Autoconf 2.69.  Invocation command line was

  CONFIG_FILES    = 
  CONFIG_HEADERS  = 
  CONFIG_LINKS    = 
  CONFIG_COMMANDS = 
  $ ./config.status 

on raspberrypi

config.status:1053: creating pocketsphinx.pc
config.status:1053: creating Makefile
config.status:1053: creating include/Makefile
config.status:1053: creating src/Makefile
config.status:1053: creating swig/Makefile
config.status:1053: creating swig/python/Makefile
config.status:1053: creating swig/python/test/Makefile
config.status:1053: creating src/libpocketsphinx/Makefile
config.status:1053: creating src/programs/Makefile
config.status:1053: creating src/gst-plugin/Makefile
config.status:1053: creating doc/Makefile
config.status:1053: creating doc/doxyfile
config.status:1053: creating model/Makefile
config.status:1053: creating test/Makefile
config.status:1053: creating test/testfuncs.sh
config.status:1053: creating test/unit/Makefile
config.status:1053: creating test/regression/Makefile
config.status:1225: executing depfiles commands
config.status:1225: executing libtool commands

## ---------------- ##
## Cache variables. ##
## ---------------- ##

ac_cv_build=armv7l-unknown-linux-gnueabihf
ac_cv_c_bigendian=no
ac_cv_c_compiler_gnu=yes
ac_cv_env_CC_set=
ac_cv_env_CC_value=
ac_cv_env_CFLAGS_set=
ac_cv_env_CFLAGS_value=
ac_cv_env_CPPFLAGS_set=
ac_cv_env_CPPFLAGS_value=
ac_cv_env_CPP_set=
ac_cv_env_CPP_value=
ac_cv_env_GStreamer_CFLAGS_set=
ac_cv_env_GStreamer_CFLAGS_value=
ac_cv_env_GStreamer_LIBS_set=
ac_cv_env_GStreamer_LIBS_value=
ac_cv_env_LDFLAGS_set=
ac_cv_env_LDFLAGS_value=
ac_cv_env_LIBS_set=
ac_cv_env_LIBS_value=
ac_cv_env_PKG_CONFIG_set=
ac_cv_env_PKG_CONFIG_value=
ac_cv_env_PYTHON_VERSION_set=
ac_cv_env_PYTHON_VERSION_value=
ac_cv_env_PYTHON_set=
ac_cv_env_PYTHON_value=
ac_cv_env_SPHINXBASE_CFLAGS_set=
ac_cv_env_SPHINXBASE_CFLAGS_value=
ac_cv_env_SPHINXBASE_LIBS_set=
ac_cv_env_SPHINXBASE_LIBS_value=
ac_cv_env_build_alias_set=
ac_cv_env_build_alias_value=
ac_cv_env_host_alias_set=
ac_cv_env_host_alias_value=
ac_cv_env_target_alias_set=
ac_cv_env_target_alias_value=
ac_cv_header_dlfcn_h=yes
ac_cv_header_inttypes_h=yes
ac_cv_header_memory_h=yes
ac_cv_header_stdc=yes
ac_cv_header_stdint_h=yes
ac_cv_header_stdlib_h=yes
ac_cv_header_string_h=yes
ac_cv_header_strings_h=yes
ac_cv_header_sys_stat_h=yes
ac_cv_header_sys_types_h=yes
ac_cv_header_unistd_h=yes
ac_cv_host=armv7l-unknown-linux-gnueabihf
ac_cv_objext=o
ac_cv_path_EGREP='/bin/grep -E'
ac_cv_path_FGREP='/bin/grep -F'
ac_cv_path_GREP=/bin/grep
ac_cv_path_PYTHON=/usr/bin/python
ac_cv_path_SED=/bin/sed
ac_cv_path_SWIG=/usr/bin/swig
ac_cv_path_ac_pt_PKG_CONFIG=/usr/bin/pkg-config
ac_cv_path_install='/usr/bin/install -c'
ac_cv_path_mkdir=/bin/mkdir
ac_cv_prog_AWK=mawk
ac_cv_prog_CPP='gcc -E'
ac_cv_prog_HAVE_DOXYGEN=no
ac_cv_prog_HAVE_PKGCONFIG=yes
ac_cv_prog_ac_ct_AR=ar
ac_cv_prog_ac_ct_CC=gcc
ac_cv_prog_ac_ct_MANIFEST_TOOL=mt
ac_cv_prog_ac_ct_OBJDUMP=objdump
ac_cv_prog_ac_ct_RANLIB=ranlib
ac_cv_prog_ac_ct_STRIP=strip
ac_cv_prog_cc_c89=
ac_cv_prog_cc_g=yes
ac_cv_prog_make_make_set=yes
ac_cv_sizeof_long_long=8
ac_cv_type_long_long=yes
am_cv_CC_dependencies_compiler_type=gcc3
am_cv_pathless_PYTHON=python
am_cv_python_platform=linux2
am_cv_python_pyexecdir='${exec_prefix}/lib/python2.7/dist-packages'
am_cv_python_pythondir='${prefix}/lib/python2.7/dist-packages'
am_cv_python_version=2.7
lt_cv_ar_at_file=@
lt_cv_archive_cmds_need_lc=no
lt_cv_deplibs_check_method=pass_all
lt_cv_file_magic_cmd='$MAGIC_CMD'
lt_cv_file_magic_test_file=
lt_cv_ld_reload_flag=-r
lt_cv_nm_interface='BSD nm'
lt_cv_objdir=.libs
lt_cv_path_LD=/usr/bin/ld
lt_cv_path_NM='/usr/bin/nm -B'
lt_cv_path_mainfest_tool=no
lt_cv_prog_compiler_c_o=yes
lt_cv_prog_compiler_pic='-fPIC -DPIC'
lt_cv_prog_compiler_pic_works=yes
lt_cv_prog_compiler_rtti_exceptions=no
lt_cv_prog_compiler_static_works=yes
lt_cv_prog_gnu_ld=yes
lt_cv_sharedlib_from_linklib_cmd='printf %s\n'
lt_cv_shlibpath_overrides_runpath=no
lt_cv_sys_global_symbol_pipe='sed -n -e '\''s/^.*[	 ]\([ABCDGIRSTW][ABCDGIRSTW]*\)[	 ][	 ]*\([_A-Za-z][_A-Za-z0-9]*\)$/\1 \2 \2/p'\'' | sed '\''/ __gnu_lto/d'\'''
lt_cv_sys_global_symbol_to_c_name_address='sed -n -e '\''s/^: \([^ ]*\)[ ]*$/  {\"\1\", (void *) 0},/p'\'' -e '\''s/^[ABCDGIRSTW]* \([^ ]*\) \([^ ]*\)$/  {"\2", (void *) \&\2},/p'\'''
lt_cv_sys_global_symbol_to_c_name_address_lib_prefix='sed -n -e '\''s/^: \([^ ]*\)[ ]*$/  {\"\1\", (void *) 0},/p'\'' -e '\''s/^[ABCDGIRSTW]* \([^ ]*\) \(lib[^ ]*\)$/  {"\2", (void *) \&\2},/p'\'' -e '\''s/^[ABCDGIRSTW]* \([^ ]*\) \([^ ]*\)$/  {"lib\2", (void *) \&\2},/p'\'''
lt_cv_sys_global_symbol_to_cdecl='sed -n -e '\''s/^T .* \(.*\)$/extern int \1();/p'\'' -e '\''s/^[ABCDGIRSTW]* .* \(.*\)$/extern char \1;/p'\'''
lt_cv_sys_max_cmd_len=1572864
lt_cv_to_host_file_cmd=func_convert_file_noop
lt_cv_to_tool_file_cmd=func_convert_file_noop

## ----------------- ##
## Output variables. ##
## ----------------- ##

ACLOCAL='${SHELL} /home/pi/Repos/Personal-Assistant/sphinx/pocketsphinx-5prealpha/missing --run aclocal-1.11'
AMDEPBACKSLASH='\'
AMDEP_FALSE='#'
AMDEP_TRUE=''
AMTAR='$${TAR-tar}'
AR='ar'
AUTOCONF='${SHELL} /home/pi/Repos/Personal-Assistant/sphinx/pocketsphinx-5prealpha/missing --run autoconf'
AUTOHEADER='${SHELL} /home/pi/Repos/Personal-Assistant/sphinx/pocketsphinx-5prealpha/missing --run autoheader'
AUTOMAKE='${SHELL} /home/pi/Repos/Personal-Assistant/sphinx/pocketsphinx-5prealpha/missing --run automake-1.11'
AWK='mawk'
BUILD_DOXYGEN_FALSE=''
BUILD_DOXYGEN_TRUE='#'
BUILD_GST_FALSE=''
BUILD_GST_TRUE='#'
BUILD_SWIG_FALSE='#'
BUILD_SWIG_TRUE=''
CC='gcc'
CCDEPMODE='depmode=gcc3'
CFLAGS='-g -O2 -Wall'
CPP='gcc -E'
CPPFLAGS=' -I/home/pi/Repos/Personal-Assistant/sphinx/pocketsphinx-5prealpha/../sphinxbase-5prealpha/include -I/home/pi/Repos/Personal-Assistant/sphinx/pocketsphinx-5prealpha/../sphinxbase-5prealpha/include/sphinxbase'
CYGPATH_W='echo'
DEFS='-DPACKAGE_NAME=\"pocketsphinx\" -DPACKAGE_TARNAME=\"pocketsphinx\" -DPACKAGE_VERSION=\"5prealpha\" -DPACKAGE_STRING=\"pocketsphinx\ 5prealpha\" -DPACKAGE_BUGREPORT=\"\" -DPACKAGE_URL=\"\" -DSTDC_HEADERS=1 -DHAVE_SYS_TYPES_H=1 -DHAVE_SYS_STAT_H=1 -DHAVE_STDLIB_H=1 -DHAVE_STRING_H=1 -DHAVE_MEMORY_H=1 -DHAVE_STRINGS_H=1 -DHAVE_INTTYPES_H=1 -DHAVE_STDINT_H=1 -DHAVE_UNISTD_H=1 -DHAVE_LONG_LONG=1 -DSIZEOF_LONG_LONG=8 -DHAVE_DLFCN_H=1 -DLT_OBJDIR=\".libs/\" -DHAVE_PYTHON=\"2.7\"'
DEPDIR='.deps'
DLLTOOL='false'
DSYMUTIL=''
DUMPBIN=''
ECHO_C=''
ECHO_N='-n'
ECHO_T=''
EGREP='/bin/grep -E'
EXEEXT=''
FGREP='/bin/grep -F'
GREP='/bin/grep'
GST_CFLAGS=' '
GST_LIBS=''
GST_MAJORMINOR='1.0'
GST_PLUGIN_LDFLAGS='-module -avoid-version -export-symbols-regex _*\(gst_\|Gst\|GST_\).*'
GStreamer_CFLAGS=''
GStreamer_LIBS=''
HAVE_DOXYGEN='no'
HAVE_PKGCONFIG='yes'
INSTALL_DATA='${INSTALL} -m 644'
INSTALL_PROGRAM='${INSTALL}'
INSTALL_SCRIPT='${INSTALL}'
INSTALL_STRIP_PROGRAM='$(install_sh) -c -s'
LD='/usr/bin/ld'
LDFLAGS=' -L/home/pi/Repos/Personal-Assistant/sphinx/pocketsphinx-5prealpha/../sphinxbase-5prealpha/lib -L/home/pi/Repos/Personal-Assistant/sphinx/pocketsphinx-5prealpha/../sphinxbase-5prealpha/src/libsphinxad -L/home/pi/Repos/Personal-Assistant/sphinx/pocketsphinx-5prealpha/../sphinxbase-5prealpha/src/libsphinxbase'
LIBOBJS=''
LIBS=' -lsphinxbase'
LIBTOOL='$(SHELL) $(top_builddir)/libtool'
LIPO=''
LN_S='ln -s'
LTLIBOBJS=''
MAKEINFO='${SHELL} /home/pi/Repos/Personal-Assistant/sphinx/pocketsphinx-5prealpha/missing --run makeinfo'
MANIFEST_TOOL=':'
MKDIR_P='/bin/mkdir -p'
NM='/usr/bin/nm -B'
NMEDIT=''
OBJDUMP='objdump'
OBJEXT='o'
OTOOL64=''
OTOOL=''
PACKAGE='pocketsphinx'
PACKAGE_BUGREPORT=''
PACKAGE_NAME='pocketsphinx'
PACKAGE_STRING='pocketsphinx 5prealpha'
PACKAGE_TARNAME='pocketsphinx'
PACKAGE_URL=''
PACKAGE_VERSION='5prealpha'
PATH_SEPARATOR=':'
PKG_CONFIG='/usr/bin/pkg-config'
PYTHON='/usr/bin/python'
PYTHON_CPPFLAGS='-I/usr/include/python2.7'
PYTHON_EXEC_PREFIX='${exec_prefix}'
PYTHON_EXTRA_LDFLAGS='-Xlinker -export-dynamic -Wl,-O1 -Wl,-Bsymbolic-functions'
PYTHON_EXTRA_LIBS='-lpthread -ldl  -lutil -lm'
PYTHON_LDFLAGS='-L/usr/lib -lpython2.7'
PYTHON_PLATFORM='linux2'
PYTHON_PREFIX='${prefix}'
PYTHON_SITE_PKG='/usr/lib/python2.7/dist-packages'
PYTHON_VERSION='2.7'
RANLIB='ranlib'
SED='/bin/sed'
SET_MAKE=''
SHELL='/bin/bash'
SPHINXBASE_CFLAGS=''
SPHINXBASE_LIBS=''
SPHINXBASE_SWIG='/home/pi/Repos/Personal-Assistant/sphinx/pocketsphinx-5prealpha/../sphinxbase-5prealpha/swig'
STRIP='strip'
SWIG='/usr/bin/swig'
SWIG_LIB='/usr/share/swig2.0'
VERSION='5prealpha'
ac_ct_AR='ar'
ac_ct_CC='gcc'
ac_ct_DUMPBIN=''
am__EXEEXT_FALSE=''
am__EXEEXT_TRUE='#'
am__fastdepCC_FALSE='#'
am__fastdepCC_TRUE=''
am__include='include'
am__isrc=''
am__leading_dot='.'
am__nodep='_no'
am__quote=''
am__tar='$${TAR-tar} chof - "$$tardir"'
am__untar='$${TAR-tar} xf -'
bindir='${exec_prefix}/bin'
build='armv7l-unknown-linux-gnueabihf'
build_alias=''
build_cpu='armv7l'
build_os='linux-gnueabihf'
build_vendor='unknown'
datadir='${datarootdir}'
datarootdir='${prefix}/share'
docdir='${datarootdir}/doc/${PACKAGE_TARNAME}'
dvidir='${docdir}'
exec_prefix='${prefix}'
host='armv7l-unknown-linux-gnueabihf'
host_alias=''
host_cpu='armv7l'
host_os='linux-gnueabihf'
host_vendor='unknown'
htmldir='${docdir}'
includedir='${prefix}/include'
infodir='${datarootdir}/info'
install_sh='${SHELL} /home/pi/Repos/Personal-Assistant/sphinx/pocketsphinx-5prealpha/install-sh'
libdir='${exec_prefix}/lib'
libexecdir='${exec_prefix}/libexec'
localedir='${datarootdir}/locale'
localstatedir='${prefix}/var'
mandir='${datarootdir}/man'
mkdir_p='/bin/mkdir -p'
oldincludedir='/usr/include'
pdfdir='${docdir}'
pkgpyexecdir='${pyexecdir}/pocketsphinx'
pkgpythondir='${pythondir}/pocketsphinx'
plugindir='$(libdir)/gstreamer-1.0'
prefix='/usr/local'
program_transform_name='s,x,x,'
psdir='${docdir}'
pyexecdir='${exec_prefix}/lib/python2.7/dist-packages'
pythondir='${prefix}/lib/python2.7/dist-packages'
sbindir='${exec_prefix}/sbin'
sharedstatedir='${prefix}/com'
sysconfdir='${prefix}/etc'
target_alias=''

## ----------- ##
## confdefs.h. ##
## ----------- ##

/* confdefs.h */
#define PACKAGE_NAME "pocketsphinx"
#define PACKAGE_TARNAME "pocketsphinx"
#define PACKAGE_VERSION "5prealpha"
#define PACKAGE_STRING "pocketsphinx 5prealpha"
#define PACKAGE_BUGREPORT ""
#define PACKAGE_URL ""
#define STDC_HEADERS 1
#define HAVE_SYS_TYPES_H 1
#define HAVE_SYS_STAT_H 1
#define HAVE_STDLIB_H 1
#define HAVE_STRING_H 1
#define HAVE_MEMORY_H 1
#define HAVE_STRINGS_H 1
#define HAVE_INTTYPES_H 1
#define HAVE_STDINT_H 1
#define HAVE_UNISTD_H 1
#define HAVE_LONG_LONG 1
#define SIZEOF_LONG_LONG 8
#define HAVE_DLFCN_H 1
#define LT_OBJDIR ".libs/"
#define HAVE_PYTHON "2.7"

configure: exit 0
